# JRE version: OpenJDK Runtime Environment Temurin-17.0.4.1+1 (17.0.4.1+1) (build 17.0.4.1+1)
# Java VM: OpenJDK 64-Bit Server VM Temurin-17.0.4.1+1 (17.0.4.1+1, mixed mode, emulated-client, tiered, compressed oops, compressed class ptrs, g1 gc, windows-amd64)
GC Precious Log:
 CPUs: 8 total, 8 available
 Memory: 16107M
 Large Page Support: Disabled
 NUMA Support: Disabled
 Compressed Oops: Enabled (Zero based)
 Heap Region Size: 2M
 Heap Min Capacity: 8M
 Heap Initial Capacity: 252M
 Heap Max Capacity: 4028M
 Pre-touch: Disabled
 Parallel Workers: 8
 Concurrent Workers: 2
 Concurrent Refinement Workers: 8
 Periodic GC: Disabled
Heap:
 garbage-first heap   total 61440K, used 23364K [0x0000000704400000, 0x0000000800000000)
  region size 2048K, 4 young (8192K), 0 survivors (0K)
 Metaspace       used 56556K, committed 57152K, reserved 1105920K
  class space    used 6690K, committed 6848K, reserved 1048576K
GC Heap History (20 events):
Event: 253.876 GC heap before
{Heap before GC invocations=16 (full 1):
 garbage-first heap   total 69632K, used 50989K [0x0000000704400000, 0x0000000800000000)
  region size 2048K, 17 young (34816K), 0 survivors (0K)
 Metaspace       used 56302K, committed 56832K, reserved 1105920K
  class space    used 6651K, committed 6848K, reserved 1048576K
}
Event: 253.879 GC heap after
{Heap after GC invocations=17 (full 1):
 garbage-first heap   total 69632K, used 20013K [0x0000000704400000, 0x0000000800000000)
  region size 2048K, 2 young (4096K), 2 survivors (4096K)
 Metaspace       used 56302K, committed 56832K, reserved 1105920K
  class space    used 6651K, committed 6848K, reserved 1048576K
}
Event: 256.567 GC heap before
{Heap before GC invocations=17 (full 1):
 garbage-first heap   total 69632K, used 44589K [0x0000000704400000, 0x0000000800000000)
  region size 2048K, 15 young (30720K), 2 survivors (4096K)
 Metaspace       used 56455K, committed 56832K, reserved 1105920K
  class space    used 6669K, committed 6848K, reserved 1048576K
}
Event: 256.609 GC heap after
{Heap after GC invocations=18 (full 2):
 garbage-first heap   total 69632K, used 19138K [0x0000000704400000, 0x0000000800000000)
  region size 2048K, 0 young (0K), 0 survivors (0K)
 Metaspace       used 56448K, committed 56832K, reserved 1105920K
  class space    used 6668K, committed 6848K, reserved 1048576K
}
Event: 256.876 GC heap before
{Heap before GC invocations=18 (full 2):
 garbage-first heap   total 69632K, used 49858K [0x0000000704400000, 0x0000000800000000)
  region size 2048K, 16 young (32768K), 0 survivors (0K)
 Metaspace       used 56520K, committed 56896K, reserved 1105920K
  class space    used 6680K, committed 6848K, reserved 1048576K
}
Event: 256.878 GC heap after
{Heap after GC invocations=19 (full 2):
 garbage-first heap   total 69632K, used 21938K [0x0000000704400000, 0x0000000800000000)
  region size 2048K, 2 young (4096K), 2 survivors (4096K)
 Metaspace       used 56520K, committed 56896K, reserved 1105920K
  class space    used 6680K, committed 6848K, reserved 1048576K
}
Event: 278.168 GC heap before
{Heap before GC invocations=19 (full 2):
 garbage-first heap   total 69632K, used 44466K [0x0000000704400000, 0x0000000800000000)
  region size 2048K, 14 young (28672K), 2 survivors (4096K)
 Metaspace       used 56573K, committed 56960K, reserved 1105920K
  class space    used 6685K, committed 6848K, reserved 1048576K
}
Event: 278.192 GC heap after
{Heap after GC invocations=20 (full 3):
 garbage-first heap   total 69632K, used 20639K [0x0000000704400000, 0x0000000800000000)
  region size 2048K, 0 young (0K), 0 survivors (0K)
 Metaspace       used 56573K, committed 56960K, reserved 1105920K
  class space    used 6685K, committed 6848K, reserved 1048576K
}
Event: 278.430 GC heap before
{Heap before GC invocations=20 (full 3):
 garbage-first heap   total 69632K, used 51359K [0x0000000704400000, 0x0000000800000000)
  region size 2048K, 15 young (30720K), 0 survivors (0K)
 Metaspace       used 56632K, committed 57024K, reserved 1105920K
  class space    used 6695K, committed 6848K, reserved 1048576K
}
Event: 278.432 GC heap after
{Heap after GC invocations=21 (full 3):
 garbage-first heap   total 69632K, used 23035K [0x0000000704400000, 0x0000000800000000)
  region size 2048K, 2 young (4096K), 2 survivors (4096K)
 Metaspace       used 56632K, committed 57024K, reserved 1105920K
  class space    used 6695K, committed 6848K, reserved 1048576K
}
Event: 323.768 GC heap before
{Heap before GC invocations=21 (full 3):
 garbage-first heap   total 69632K, used 51707K [0x0000000704400000, 0x0000000800000000)
  region size 2048K, 16 young (32768K), 2 survivors (4096K)
 Metaspace       used 56684K, committed 57024K, reserved 1105920K
  class space    used 6700K, committed 6848K, reserved 1048576K
}
Event: 323.769 GC heap after
{Heap after GC invocations=22 (full 3):
 garbage-first heap   total 69632K, used 24206K [0x0000000704400000, 0x0000000800000000)
  region size 2048K, 1 young (2048K), 1 survivors (2048K)
 Metaspace       used 56684K, committed 57024K, reserved 1105920K
  class space    used 6700K, committed 6848K, reserved 1048576K
}
Event: 349.594 GC heap before
{Heap before GC invocations=22 (full 3):
 garbage-first heap   total 69632K, used 36494K [0x0000000704400000, 0x0000000800000000)
  region size 2048K, 8 young (16384K), 1 survivors (2048K)
 Metaspace       used 56828K, committed 57216K, reserved 1105920K
  class space    used 6714K, committed 6848K, reserved 1048576K
}
Event: 349.619 GC heap after
{Heap after GC invocations=23 (full 4):
 garbage-first heap   total 69632K, used 17459K [0x0000000704400000, 0x0000000800000000)
  region size 2048K, 0 young (0K), 0 survivors (0K)
 Metaspace       used 56377K, committed 57216K, reserved 1105920K
  class space    used 6658K, committed 6848K, reserved 1048576K
}
Event: 349.949 GC heap before
{Heap before GC invocations=23 (full 4):
 garbage-first heap   total 69632K, used 50227K [0x0000000704400000, 0x0000000800000000)
  region size 2048K, 16 young (32768K), 0 survivors (0K)
 Metaspace       used 56476K, committed 57216K, reserved 1105920K
  class space    used 6673K, committed 6848K, reserved 1048576K
}
Event: 349.951 GC heap after
{Heap after GC invocations=24 (full 4):
 garbage-first heap   total 69632K, used 20500K [0x0000000704400000, 0x0000000800000000)
  region size 2048K, 2 young (4096K), 2 survivors (4096K)
 Metaspace       used 56476K, committed 57216K, reserved 1105920K
  class space    used 6673K, committed 6848K, reserved 1048576K
}
Event: 456.714 GC heap before
{Heap before GC invocations=24 (full 4):
 garbage-first heap   total 69632K, used 47124K [0x0000000704400000, 0x0000000800000000)
  region size 2048K, 16 young (32768K), 2 survivors (4096K)
 Metaspace       used 56568K, committed 57216K, reserved 1105920K
  class space    used 6685K, committed 6848K, reserved 1048576K
}
Event: 456.717 GC heap after
{Heap after GC invocations=25 (full 4):
 garbage-first heap   total 69632K, used 22508K [0x0000000704400000, 0x0000000800000000)
  region size 2048K, 2 young (4096K), 2 survivors (4096K)
 Metaspace       used 56568K, committed 57216K, reserved 1105920K
  class space    used 6685K, committed 6848K, reserved 1048576K
}
Event: 464.686 GC heap before
{Heap before GC invocations=25 (full 4):
 garbage-first heap   total 69632K, used 22508K [0x0000000704400000, 0x0000000800000000)
  region size 2048K, 3 young (6144K), 2 survivors (4096K)
 Metaspace       used 56579K, committed 57216K, reserved 1105920K
  class space    used 6686K, committed 6848K, reserved 1048576K
}
Event: 464.709 GC heap after
{Heap after GC invocations=26 (full 5):
 garbage-first heap   total 61440K, used 17220K [0x0000000704400000, 0x0000000800000000)
  region size 2048K, 0 young (0K), 0 survivors (0K)
 Metaspace       used 56313K, committed 57152K, reserved 1105920K
  class space    used 6650K, committed 6848K, reserved 1048576K
}

